<?xml version="1.0" encoding="UTF-8"?>
<testng-results ignored="0" total="1" passed="1" failed="0" skipped="0">
  <reporter-output>
  </reporter-output>
  <suite started-at="2024-10-15T19:08:38 IST" name="Default suite" finished-at="2024-10-15T19:08:48 IST" duration-ms="9590">
    <groups>
    </groups>
    <test started-at="2024-10-15T19:08:38 IST" name="Default test" finished-at="2024-10-15T19:08:48 IST" duration-ms="9590">
      <class name="MakeMyTrip_TestCases.Login_TestCase">
        <test-method is-config="true" signature="launchBrowser()[pri:0, instance:MakeMyTrip_TestCases.Login_TestCase@783a467b]" started-at="2024-10-15T19:08:38 IST" name="launchBrowser" finished-at="2024-10-15T19:08:40 IST" duration-ms="2285" status="PASS">
          <reporter-output>
          </reporter-output>
        </test-method> <!-- launchBrowser -->
        <test-method signature="Login_TestCase()[pri:0, instance:MakeMyTrip_TestCases.Login_TestCase@783a467b]" started-at="2024-10-15T19:08:40 IST" name="Login_TestCase" finished-at="2024-10-15T19:08:48 IST" duration-ms="7227" status="PASS">
          <reporter-output>
          </reporter-output>
        </test-method> <!-- Login_TestCase -->
      </class> <!-- MakeMyTrip_TestCases.Login_TestCase -->
    </test> <!-- Default test -->
  </suite> <!-- Default suite -->
</testng-results>
